<?xml version="1.0" encoding="UTF-8"?>
<Site BuildName="(empty)"
	BuildStamp="20241206-1733-Experimental"
	Name="Asus-Ubuntu"
	Generator="ctest-3.22.1"
	CompilerName="/usr/bin/g++"
	CompilerVersion="11.4.0"
	OSName="Linux"
	Hostname="Asus-Ubuntu"
	OSRelease="6.8.0-49-generic"
	OSVersion="#49~22.04.1-Ubuntu SMP PREEMPT_DYNAMIC Wed Nov  6 17:42:15 UTC 2"
	OSPlatform="x86_64"
	Is64Bits="1"
	VendorString="GenuineIntel"
	VendorID="Intel Corporation"
	FamilyID="6"
	ModelID="126"
	ProcessorCacheSize="6144"
	NumberOfLogicalCPU="8"
	NumberOfPhysicalCPU="4"
	TotalVirtualMemory="2047"
	TotalPhysicalMemory="15733"
	LogicalProcessorsPerPhysical="2"
	ProcessorClockFrequency="1102.89"
	>
	<Testing>
		<StartDateTime>Dec 06 20:33 +03</StartDateTime>
		<StartTestTime>1733506405</StartTestTime>
		<TestList/>
		<EndDateTime>Dec 06 20:33 +03</EndDateTime>
		<EndTestTime>1733506405</EndTestTime>
		<ElapsedMinutes>0</ElapsedMinutes>
	</Testing>
</Site>
